[0.006s] Invoking command in '/home/nuaawzh/dev_ws/build/balance_bot': CMAKE_PREFIX_PATH=${CMAKE_PREFIX_PATH}:/opt/ros/jazzy DEBUGINFOD_URLS=https://debuginfod.ubuntu.com /usr/bin/cmake /home/nuaawzh/dev_ws/src/balance_bot -DCMAKE_INSTALL_PREFIX=/home/nuaawzh/dev_ws/install/balance_bot
[0.016s] -- Found ament_cmake: 2.5.4 (/opt/ros/jazzy/share/ament_cmake/cmake)
[0.134s] -- Found rclcpp: 28.1.12 (/opt/ros/jazzy/share/rclcpp/cmake)
[0.149s] -- Found rosidl_generator_c: 4.6.6 (/opt/ros/jazzy/share/rosidl_generator_c/cmake)
[0.154s] -- Found rosidl_generator_cpp: 4.6.6 (/opt/ros/jazzy/share/rosidl_generator_cpp/cmake)
[0.160s] -- Using all available rosidl_typesupport_c: rosidl_typesupport_fastrtps_c;rosidl_typesupport_introspection_c
[0.167s] -- Using all available rosidl_typesupport_cpp: rosidl_typesupport_fastrtps_cpp;rosidl_typesupport_introspection_cpp
[0.202s] -- Found rmw_implementation_cmake: 7.3.2 (/opt/ros/jazzy/share/rmw_implementation_cmake/cmake)
[0.203s] -- Found rmw_fastrtps_cpp: 8.4.3 (/opt/ros/jazzy/share/rmw_fastrtps_cpp/cmake)
[0.243s] -- Using RMW implementation 'rmw_fastrtps_cpp' as default
[0.280s] -- Found geometry_msgs: 5.3.6 (/opt/ros/jazzy/share/geometry_msgs/cmake)
[0.298s] -- Found sensor_msgs: 5.3.6 (/opt/ros/jazzy/share/sensor_msgs/cmake)
[0.312s] -- Found tf2_ros: 0.36.14 (/opt/ros/jazzy/share/tf2_ros/cmake)
[0.377s] -- Found urdf: 2.10.0 (/opt/ros/jazzy/share/urdf/cmake)
[0.382s] -- Found xacro: 2.1.1 (/opt/ros/jazzy/share/xacro/cmake)
[0.394s] -- Found ros_gz: 1.0.16 (/opt/ros/jazzy/share/ros_gz/cmake)
[0.398s] -- Found ros_gz_sim: 1.0.16 (/opt/ros/jazzy/share/ros_gz_sim/cmake)
[0.413s] -- Found ament_lint_auto: 0.17.3 (/opt/ros/jazzy/share/ament_lint_auto/cmake)
[0.547s] -- Added test 'cppcheck' to perform static code analysis on C / C++ code
[0.547s] -- Configured cppcheck include dirs: 
[0.547s] -- Configured cppcheck exclude dirs and/or files: 
[0.554s] -- Added test 'lint_cmake' to check CMake code style
[0.561s] -- Added test 'uncrustify' to check C / C++ code style
[0.561s] -- Configured uncrustify additional arguments: 
[0.565s] -- Added test 'xmllint' to check XML markup files
[0.572s] -- Configuring done (0.6s)
[0.576s] -- Generating done (0.0s)
[0.577s] -- Build files have been written to: /home/nuaawzh/dev_ws/build/balance_bot
[0.584s] Invoked command in '/home/nuaawzh/dev_ws/build/balance_bot' returned '0': CMAKE_PREFIX_PATH=${CMAKE_PREFIX_PATH}:/opt/ros/jazzy DEBUGINFOD_URLS=https://debuginfod.ubuntu.com /usr/bin/cmake /home/nuaawzh/dev_ws/src/balance_bot -DCMAKE_INSTALL_PREFIX=/home/nuaawzh/dev_ws/install/balance_bot
[0.585s] Invoking command in '/home/nuaawzh/dev_ws/build/balance_bot': CMAKE_PREFIX_PATH=${CMAKE_PREFIX_PATH}:/opt/ros/jazzy DEBUGINFOD_URLS=https://debuginfod.ubuntu.com /usr/bin/cmake --build /home/nuaawzh/dev_ws/build/balance_bot -- -j32 -l32
[0.615s] Invoked command in '/home/nuaawzh/dev_ws/build/balance_bot' returned '0': CMAKE_PREFIX_PATH=${CMAKE_PREFIX_PATH}:/opt/ros/jazzy DEBUGINFOD_URLS=https://debuginfod.ubuntu.com /usr/bin/cmake --build /home/nuaawzh/dev_ws/build/balance_bot -- -j32 -l32
[0.621s] Invoking command in '/home/nuaawzh/dev_ws/build/balance_bot': CMAKE_PREFIX_PATH=${CMAKE_PREFIX_PATH}:/opt/ros/jazzy DEBUGINFOD_URLS=https://debuginfod.ubuntu.com /usr/bin/cmake --install /home/nuaawzh/dev_ws/build/balance_bot
[0.627s] -- Install configuration: ""
[0.627s] -- Installing: /home/nuaawzh/dev_ws/install/balance_bot/share/balance_bot/launch
[0.627s] -- Installing: /home/nuaawzh/dev_ws/install/balance_bot/share/balance_bot/urdf
[0.627s] -- Installing: /home/nuaawzh/dev_ws/install/balance_bot/share/balance_bot/config
[0.627s] -- Installing: /home/nuaawzh/dev_ws/install/balance_bot/share/balance_bot/worlds
[0.627s] -- Installing: /home/nuaawzh/dev_ws/install/balance_bot/share/ament_index/resource_index/package_run_dependencies/balance_bot
[0.627s] -- Installing: /home/nuaawzh/dev_ws/install/balance_bot/share/ament_index/resource_index/parent_prefix_path/balance_bot
[0.628s] -- Installing: /home/nuaawzh/dev_ws/install/balance_bot/share/balance_bot/environment/ament_prefix_path.sh
[0.628s] -- Installing: /home/nuaawzh/dev_ws/install/balance_bot/share/balance_bot/environment/ament_prefix_path.dsv
[0.628s] -- Installing: /home/nuaawzh/dev_ws/install/balance_bot/share/balance_bot/environment/path.sh
[0.628s] -- Installing: /home/nuaawzh/dev_ws/install/balance_bot/share/balance_bot/environment/path.dsv
[0.628s] -- Installing: /home/nuaawzh/dev_ws/install/balance_bot/share/balance_bot/local_setup.bash
[0.628s] -- Installing: /home/nuaawzh/dev_ws/install/balance_bot/share/balance_bot/local_setup.sh
[0.628s] -- Installing: /home/nuaawzh/dev_ws/install/balance_bot/share/balance_bot/local_setup.zsh
[0.628s] -- Installing: /home/nuaawzh/dev_ws/install/balance_bot/share/balance_bot/local_setup.dsv
[0.628s] -- Installing: /home/nuaawzh/dev_ws/install/balance_bot/share/balance_bot/package.dsv
[0.628s] -- Installing: /home/nuaawzh/dev_ws/install/balance_bot/share/ament_index/resource_index/packages/balance_bot
[0.628s] -- Installing: /home/nuaawzh/dev_ws/install/balance_bot/share/balance_bot/cmake/balance_botConfig.cmake
[0.628s] -- Installing: /home/nuaawzh/dev_ws/install/balance_bot/share/balance_bot/cmake/balance_botConfig-version.cmake
[0.629s] -- Installing: /home/nuaawzh/dev_ws/install/balance_bot/share/balance_bot/package.xml
[0.630s] Invoked command in '/home/nuaawzh/dev_ws/build/balance_bot' returned '0': CMAKE_PREFIX_PATH=${CMAKE_PREFIX_PATH}:/opt/ros/jazzy DEBUGINFOD_URLS=https://debuginfod.ubuntu.com /usr/bin/cmake --install /home/nuaawzh/dev_ws/build/balance_bot
