[0.006s] Invoking command in '/home/nuaawzh/dev_ws/build/balance_bot': CMAKE_PREFIX_PATH=${CMAKE_PREFIX_PATH}:/opt/ros/jazzy DEBUGINFOD_URLS=https://debuginfod.ubuntu.com /usr/bin/cmake /home/nuaawzh/dev_ws/src/balance_bot -DCMAKE_INSTALL_PREFIX=/home/nuaawzh/dev_ws/install/balance_bot
[0.016s] -- Found ament_cmake: 2.5.4 (/opt/ros/jazzy/share/ament_cmake/cmake)
[0.136s] -- Found rclcpp: 28.1.12 (/opt/ros/jazzy/share/rclcpp/cmake)
[0.152s] -- Found rosidl_generator_c: 4.6.6 (/opt/ros/jazzy/share/rosidl_generator_c/cmake)
[0.157s] -- Found rosidl_generator_cpp: 4.6.6 (/opt/ros/jazzy/share/rosidl_generator_cpp/cmake)
[0.163s] -- Using all available rosidl_typesupport_c: rosidl_typesupport_fastrtps_c;rosidl_typesupport_introspection_c
[0.170s] -- Using all available rosidl_typesupport_cpp: rosidl_typesupport_fastrtps_cpp;rosidl_typesupport_introspection_cpp
[0.204s] -- Found rmw_implementation_cmake: 7.3.2 (/opt/ros/jazzy/share/rmw_implementation_cmake/cmake)
[0.205s] -- Found rmw_fastrtps_cpp: 8.4.3 (/opt/ros/jazzy/share/rmw_fastrtps_cpp/cmake)
[0.246s] -- Using RMW implementation 'rmw_fastrtps_cpp' as default
[0.283s] -- Found geometry_msgs: 5.3.6 (/opt/ros/jazzy/share/geometry_msgs/cmake)
[0.301s] -- Found sensor_msgs: 5.3.6 (/opt/ros/jazzy/share/sensor_msgs/cmake)
[0.315s] -- Found tf2_ros: 0.36.14 (/opt/ros/jazzy/share/tf2_ros/cmake)
[0.380s] -- Found urdf: 2.10.0 (/opt/ros/jazzy/share/urdf/cmake)
[0.384s] -- Found xacro: 2.1.1 (/opt/ros/jazzy/share/xacro/cmake)
[0.392s] [31mCMake Error at CMakeLists.txt:17 (find_package):
[0.392s]   By not providing "Findgazebo_ros_pkgs.cmake" in CMAKE_MODULE_PATH this
[0.392s]   project has asked CMake to find a package configuration file provided by
[0.392s]   "gazebo_ros_pkgs", but CMake did not find one.
[0.392s] 
[0.392s]   Could not find a package configuration file provided by "gazebo_ros_pkgs"
[0.392s]   with any of the following names:
[0.392s] 
[0.392s]     gazebo_ros_pkgsConfig.cmake
[0.392s]     gazebo_ros_pkgs-config.cmake
[0.392s] 
[0.392s]   Add the installation prefix of "gazebo_ros_pkgs" to CMAKE_PREFIX_PATH or
[0.392s]   set "gazebo_ros_pkgs_DIR" to a directory containing one of the above files.
[0.392s]   If "gazebo_ros_pkgs" provides a separate development package or SDK, be
[0.393s]   sure it has been installed.
[0.393s] 
[0.393s] [0m
[0.393s] -- Configuring incomplete, errors occurred!
[0.398s] Invoked command in '/home/nuaawzh/dev_ws/build/balance_bot' returned '1': CMAKE_PREFIX_PATH=${CMAKE_PREFIX_PATH}:/opt/ros/jazzy DEBUGINFOD_URLS=https://debuginfod.ubuntu.com /usr/bin/cmake /home/nuaawzh/dev_ws/src/balance_bot -DCMAKE_INSTALL_PREFIX=/home/nuaawzh/dev_ws/install/balance_bot
