-- Install configuration: ""
-- Up-to-date: /home/nuaawzh/dev_ws/install/balance_bot/lib/balance_bot/initial_pose_controller.py
-- Up-to-date: /home/nuaawzh/dev_ws/install/balance_bot/share/balance_bot/launch
-- Installing: /home/nuaawzh/dev_ws/install/balance_bot/share/balance_bot/launch/control.launch.py
-- Up-to-date: /home/nuaawzh/dev_ws/install/balance_bot/share/balance_bot/urdf
-- Up-to-date: /home/nuaawzh/dev_ws/install/balance_bot/share/balance_bot/urdf/bot_with_sensors.xacro
-- Up-to-date: /home/nuaawzh/dev_ws/install/balance_bot/share/balance_bot/urdf/wheel_leg_initial_pose.xacro
-- Up-to-date: /home/nuaawzh/dev_ws/install/balance_bot/share/balance_bot/urdf/leg_initial_pose_module.xacro
-- Up-to-date: /home/nuaawzh/dev_ws/install/balance_bot/share/balance_bot/config
-- Up-to-date: /home/nuaawzh/dev_ws/install/balance_bot/share/balance_bot/worlds
-- Up-to-date: /home/nuaawzh/dev_ws/install/balance_bot/share/ament_index/resource_index/package_run_dependencies/balance_bot
-- Up-to-date: /home/nuaawzh/dev_ws/install/balance_bot/share/ament_index/resource_index/parent_prefix_path/balance_bot
-- Up-to-date: /home/nuaawzh/dev_ws/install/balance_bot/share/balance_bot/environment/ament_prefix_path.sh
-- Up-to-date: /home/nuaawzh/dev_ws/install/balance_bot/share/balance_bot/environment/ament_prefix_path.dsv
-- Up-to-date: /home/nuaawzh/dev_ws/install/balance_bot/share/balance_bot/environment/path.sh
-- Up-to-date: /home/nuaawzh/dev_ws/install/balance_bot/share/balance_bot/environment/path.dsv
-- Up-to-date: /home/nuaawzh/dev_ws/install/balance_bot/share/balance_bot/local_setup.bash
-- Up-to-date: /home/nuaawzh/dev_ws/install/balance_bot/share/balance_bot/local_setup.sh
-- Up-to-date: /home/nuaawzh/dev_ws/install/balance_bot/share/balance_bot/local_setup.zsh
-- Up-to-date: /home/nuaawzh/dev_ws/install/balance_bot/share/balance_bot/local_setup.dsv
-- Installing: /home/nuaawzh/dev_ws/install/balance_bot/share/balance_bot/package.dsv
-- Up-to-date: /home/nuaawzh/dev_ws/install/balance_bot/share/ament_index/resource_index/packages/balance_bot
-- Up-to-date: /home/nuaawzh/dev_ws/install/balance_bot/share/balance_bot/cmake/balance_botConfig.cmake
-- Up-to-date: /home/nuaawzh/dev_ws/install/balance_bot/share/balance_bot/cmake/balance_botConfig-version.cmake
-- Up-to-date: /home/nuaawzh/dev_ws/install/balance_bot/share/balance_bot/package.xml
