[0.049s] DEBUG:colcon:Command line arguments: ['/usr/bin/colcon', 'build', '--packages-select', 'balance_bot']
[0.049s] DEBUG:colcon:Parsed command line arguments: Namespace(log_base=None, log_level=None, verb_name='build', build_base='build', install_base='install', merge_install=False, symlink_install=False, test_result_base=None, continue_on_error=False, executor='parallel', parallel_workers=32, event_handlers=None, ignore_user_meta=False, metas=['./colcon.meta'], base_paths=['.'], packages_ignore=None, packages_ignore_regex=None, paths=None, packages_up_to=None, packages_up_to_regex=None, packages_above=None, packages_above_and_dependencies=None, packages_above_depth=None, packages_select_by_dep=None, packages_skip_by_dep=None, packages_skip_up_to=None, packages_select_build_failed=False, packages_skip_build_finished=False, packages_select_test_failures=False, packages_skip_test_passed=False, packages_select=['balance_bot'], packages_skip=None, packages_select_regex=None, packages_skip_regex=None, packages_start=None, packages_end=None, cmake_args=None, cmake_target=None, cmake_target_skip_unavailable=False, cmake_clean_cache=False, cmake_clean_first=False, cmake_force_configure=False, ament_cmake_args=None, catkin_cmake_args=None, catkin_skip_building_tests=False, verb_parser=<colcon_defaults.argument_parser.defaults.DefaultArgumentsDecorator object at 0x73e0838ffbc0>, verb_extension=<colcon_core.verb.build.BuildVerb object at 0x73e083855c70>, main=<bound method BuildVerb.main of <colcon_core.verb.build.BuildVerb object at 0x73e083855c70>>)
[0.068s] Level 1:colcon.colcon_core.package_discovery:discover_packages(colcon_meta) check parameters
[0.068s] Level 1:colcon.colcon_core.package_discovery:discover_packages(recursive) check parameters
[0.068s] Level 1:colcon.colcon_core.package_discovery:discover_packages(ignore) check parameters
[0.069s] Level 1:colcon.colcon_core.package_discovery:discover_packages(path) check parameters
[0.069s] Level 1:colcon.colcon_core.package_discovery:discover_packages(colcon_meta) discover
[0.069s] Level 1:colcon.colcon_core.package_discovery:discover_packages(recursive) discover
[0.069s] INFO:colcon.colcon_core.package_discovery:Crawling recursively for packages in '/home/nuaawzh/dev_ws'
[0.069s] Level 1:colcon.colcon_core.package_identification:_identify(.) by extensions ['ignore', 'ignore_ament_install']
[0.069s] Level 1:colcon.colcon_core.package_identification:_identify(.) by extension 'ignore'
[0.069s] Level 1:colcon.colcon_core.package_identification:_identify(.) by extension 'ignore_ament_install'
[0.069s] Level 1:colcon.colcon_core.package_identification:_identify(.) by extensions ['colcon_pkg']
[0.069s] Level 1:colcon.colcon_core.package_identification:_identify(.) by extension 'colcon_pkg'
[0.069s] Level 1:colcon.colcon_core.package_identification:_identify(.) by extensions ['colcon_meta']
[0.069s] Level 1:colcon.colcon_core.package_identification:_identify(.) by extension 'colcon_meta'
[0.069s] Level 1:colcon.colcon_core.package_identification:_identify(.) by extensions ['ros']
[0.069s] Level 1:colcon.colcon_core.package_identification:_identify(.) by extension 'ros'
[0.081s] Level 1:colcon.colcon_core.package_identification:_identify(.) by extensions ['cmake', 'python']
[0.082s] Level 1:colcon.colcon_core.package_identification:_identify(.) by extension 'cmake'
[0.082s] Level 1:colcon.colcon_core.package_identification:_identify(.) by extension 'python'
[0.082s] Level 1:colcon.colcon_core.package_identification:_identify(.) by extensions ['python_setup_py']
[0.082s] Level 1:colcon.colcon_core.package_identification:_identify(.) by extension 'python_setup_py'
[0.082s] Level 1:colcon.colcon_core.package_identification:_identify(build) by extensions ['ignore', 'ignore_ament_install']
[0.082s] Level 1:colcon.colcon_core.package_identification:_identify(build) by extension 'ignore'
[0.082s] Level 1:colcon.colcon_core.package_identification:_identify(build) ignored
[0.082s] Level 1:colcon.colcon_core.package_identification:_identify(install) by extensions ['ignore', 'ignore_ament_install']
[0.082s] Level 1:colcon.colcon_core.package_identification:_identify(install) by extension 'ignore'
[0.082s] Level 1:colcon.colcon_core.package_identification:_identify(install) ignored
[0.082s] Level 1:colcon.colcon_core.package_identification:_identify(log) by extensions ['ignore', 'ignore_ament_install']
[0.082s] Level 1:colcon.colcon_core.package_identification:_identify(log) by extension 'ignore'
[0.082s] Level 1:colcon.colcon_core.package_identification:_identify(log) ignored
[0.082s] Level 1:colcon.colcon_core.package_identification:_identify(src) by extensions ['ignore', 'ignore_ament_install']
[0.082s] Level 1:colcon.colcon_core.package_identification:_identify(src) by extension 'ignore'
[0.082s] Level 1:colcon.colcon_core.package_identification:_identify(src) by extension 'ignore_ament_install'
[0.082s] Level 1:colcon.colcon_core.package_identification:_identify(src) by extensions ['colcon_pkg']
[0.082s] Level 1:colcon.colcon_core.package_identification:_identify(src) by extension 'colcon_pkg'
[0.082s] Level 1:colcon.colcon_core.package_identification:_identify(src) by extensions ['colcon_meta']
[0.082s] Level 1:colcon.colcon_core.package_identification:_identify(src) by extension 'colcon_meta'
[0.082s] Level 1:colcon.colcon_core.package_identification:_identify(src) by extensions ['ros']
[0.082s] Level 1:colcon.colcon_core.package_identification:_identify(src) by extension 'ros'
[0.082s] Level 1:colcon.colcon_core.package_identification:_identify(src) by extensions ['cmake', 'python']
[0.082s] Level 1:colcon.colcon_core.package_identification:_identify(src) by extension 'cmake'
[0.082s] Level 1:colcon.colcon_core.package_identification:_identify(src) by extension 'python'
[0.082s] Level 1:colcon.colcon_core.package_identification:_identify(src) by extensions ['python_setup_py']
[0.082s] Level 1:colcon.colcon_core.package_identification:_identify(src) by extension 'python_setup_py'
[0.082s] Level 1:colcon.colcon_core.package_identification:_identify(src/balance_bot) by extensions ['ignore', 'ignore_ament_install']
[0.082s] Level 1:colcon.colcon_core.package_identification:_identify(src/balance_bot) by extension 'ignore'
[0.082s] Level 1:colcon.colcon_core.package_identification:_identify(src/balance_bot) by extension 'ignore_ament_install'
[0.082s] Level 1:colcon.colcon_core.package_identification:_identify(src/balance_bot) by extensions ['colcon_pkg']
[0.082s] Level 1:colcon.colcon_core.package_identification:_identify(src/balance_bot) by extension 'colcon_pkg'
[0.082s] Level 1:colcon.colcon_core.package_identification:_identify(src/balance_bot) by extensions ['colcon_meta']
[0.082s] Level 1:colcon.colcon_core.package_identification:_identify(src/balance_bot) by extension 'colcon_meta'
[0.082s] Level 1:colcon.colcon_core.package_identification:_identify(src/balance_bot) by extensions ['ros']
[0.082s] Level 1:colcon.colcon_core.package_identification:_identify(src/balance_bot) by extension 'ros'
[0.084s] DEBUG:colcon.colcon_core.package_identification:Package 'src/balance_bot' with type 'ros.ament_cmake' and name 'balance_bot'
[0.084s] Level 1:colcon.colcon_core.package_discovery:discover_packages(recursive) using defaults
[0.084s] Level 1:colcon.colcon_core.package_discovery:discover_packages(ignore) discover
[0.084s] Level 1:colcon.colcon_core.package_discovery:discover_packages(ignore) using defaults
[0.084s] Level 1:colcon.colcon_core.package_discovery:discover_packages(path) discover
[0.084s] Level 1:colcon.colcon_core.package_discovery:discover_packages(path) using defaults
[0.092s] Level 5:colcon.colcon_core.verb:set package 'balance_bot' build argument 'cmake_args' from command line to 'None'
[0.092s] Level 5:colcon.colcon_core.verb:set package 'balance_bot' build argument 'cmake_target' from command line to 'None'
[0.093s] Level 5:colcon.colcon_core.verb:set package 'balance_bot' build argument 'cmake_target_skip_unavailable' from command line to 'False'
[0.093s] Level 5:colcon.colcon_core.verb:set package 'balance_bot' build argument 'cmake_clean_cache' from command line to 'False'
[0.093s] Level 5:colcon.colcon_core.verb:set package 'balance_bot' build argument 'cmake_clean_first' from command line to 'False'
[0.093s] Level 5:colcon.colcon_core.verb:set package 'balance_bot' build argument 'cmake_force_configure' from command line to 'False'
[0.093s] Level 5:colcon.colcon_core.verb:set package 'balance_bot' build argument 'ament_cmake_args' from command line to 'None'
[0.093s] Level 5:colcon.colcon_core.verb:set package 'balance_bot' build argument 'catkin_cmake_args' from command line to 'None'
[0.093s] Level 5:colcon.colcon_core.verb:set package 'balance_bot' build argument 'catkin_skip_building_tests' from command line to 'False'
[0.093s] DEBUG:colcon.colcon_core.verb:Building package 'balance_bot' with the following arguments: {'ament_cmake_args': None, 'build_base': '/home/nuaawzh/dev_ws/build/balance_bot', 'catkin_cmake_args': None, 'catkin_skip_building_tests': False, 'cmake_args': None, 'cmake_clean_cache': False, 'cmake_clean_first': False, 'cmake_force_configure': False, 'cmake_target': None, 'cmake_target_skip_unavailable': False, 'install_base': '/home/nuaawzh/dev_ws/install/balance_bot', 'merge_install': False, 'path': '/home/nuaawzh/dev_ws/src/balance_bot', 'symlink_install': False, 'test_result_base': None}
[0.093s] INFO:colcon.colcon_core.executor:Executing jobs using 'parallel' executor
[0.093s] DEBUG:colcon.colcon_parallel_executor.executor.parallel:run_until_complete
[0.093s] INFO:colcon.colcon_ros.task.ament_cmake.build:Building ROS package in '/home/nuaawzh/dev_ws/src/balance_bot' with build type 'ament_cmake'
[0.093s] INFO:colcon.colcon_cmake.task.cmake.build:Building CMake package in '/home/nuaawzh/dev_ws/src/balance_bot'
[0.094s] INFO:colcon.colcon_core.plugin_system:Skipping extension 'colcon_core.shell.bat': Not used on non-Windows systems
[0.094s] DEBUG:colcon.colcon_core.shell:Skip shell extension 'dsv' for command environment
[0.100s] DEBUG:colcon.colcon_core.event_handler.log_command:Invoking command in '/home/nuaawzh/dev_ws/build/balance_bot': CMAKE_PREFIX_PATH=${CMAKE_PREFIX_PATH}:/opt/ros/jazzy DEBUGINFOD_URLS=https://debuginfod.ubuntu.com /usr/bin/cmake /home/nuaawzh/dev_ws/src/balance_bot -DCMAKE_INSTALL_PREFIX=/home/nuaawzh/dev_ws/install/balance_bot
[0.492s] DEBUG:colcon.colcon_core.event_handler.log_command:Invoked command in '/home/nuaawzh/dev_ws/build/balance_bot' returned '1': CMAKE_PREFIX_PATH=${CMAKE_PREFIX_PATH}:/opt/ros/jazzy DEBUGINFOD_URLS=https://debuginfod.ubuntu.com /usr/bin/cmake /home/nuaawzh/dev_ws/src/balance_bot -DCMAKE_INSTALL_PREFIX=/home/nuaawzh/dev_ws/install/balance_bot
[0.501s] Level 1:colcon.colcon_core.environment:create_environment_scripts_only(balance_bot)
[0.502s] Level 1:colcon.colcon_core.environment:checking '/home/nuaawzh/dev_ws/install/balance_bot' for CMake module files
[0.502s] Level 1:colcon.colcon_core.environment:checking '/home/nuaawzh/dev_ws/install/balance_bot' for CMake config files
[0.503s] Level 1:colcon.colcon_core.environment:checking '/home/nuaawzh/dev_ws/install/balance_bot/bin'
[0.503s] Level 1:colcon.colcon_core.environment:checking '/home/nuaawzh/dev_ws/install/balance_bot/lib/pkgconfig/balance_bot.pc'
[0.504s] Level 1:colcon.colcon_core.environment:checking '/home/nuaawzh/dev_ws/install/balance_bot/lib/python3.12/site-packages'
[0.504s] Level 1:colcon.colcon_core.environment:checking '/home/nuaawzh/dev_ws/install/balance_bot/bin'
[0.504s] INFO:colcon.colcon_core.shell:Creating package descriptor '/home/nuaawzh/dev_ws/install/balance_bot/share/balance_bot/package.dsv'
[0.505s] INFO:colcon.colcon_core.shell:Creating package script '/home/nuaawzh/dev_ws/install/balance_bot/share/balance_bot/package.sh'
[0.505s] INFO:colcon.colcon_core.shell:Creating package script '/home/nuaawzh/dev_ws/install/balance_bot/share/balance_bot/package.bash'
[0.505s] INFO:colcon.colcon_core.shell:Creating package script '/home/nuaawzh/dev_ws/install/balance_bot/share/balance_bot/package.zsh'
[0.505s] Level 1:colcon.colcon_core.environment:create_file_with_runtime_dependencies(/home/nuaawzh/dev_ws/install/balance_bot/share/colcon-core/packages/balance_bot)
[0.516s] DEBUG:colcon.colcon_parallel_executor.executor.parallel:closing loop
[0.516s] DEBUG:colcon.colcon_parallel_executor.executor.parallel:loop closed
[0.516s] DEBUG:colcon.colcon_parallel_executor.executor.parallel:run_until_complete finished with '1'
[0.516s] DEBUG:colcon.colcon_core.event_reactor:joining thread
[0.518s] INFO:colcon.colcon_core.plugin_system:Skipping extension 'colcon_notification.desktop_notification.terminal_notifier': Not used on non-Darwin systems
[0.518s] INFO:colcon.colcon_core.plugin_system:Skipping extension 'colcon_notification.desktop_notification.win32': Not used on non-Windows systems
[0.518s] INFO:colcon.colcon_notification.desktop_notification:Sending desktop notification using 'notify2'
[0.534s] DEBUG:colcon.colcon_core.event_reactor:joined thread
[0.535s] INFO:colcon.colcon_core.shell:Creating prefix script '/home/nuaawzh/dev_ws/install/local_setup.sh'
[0.535s] INFO:colcon.colcon_core.shell:Creating prefix util module '/home/nuaawzh/dev_ws/install/_local_setup_util_sh.py'
[0.535s] INFO:colcon.colcon_core.shell:Creating prefix chain script '/home/nuaawzh/dev_ws/install/setup.sh'
[0.536s] INFO:colcon.colcon_core.shell:Creating prefix script '/home/nuaawzh/dev_ws/install/local_setup.bash'
[0.536s] INFO:colcon.colcon_core.shell:Creating prefix chain script '/home/nuaawzh/dev_ws/install/setup.bash'
[0.537s] INFO:colcon.colcon_core.shell:Creating prefix script '/home/nuaawzh/dev_ws/install/local_setup.zsh'
[0.537s] INFO:colcon.colcon_core.shell:Creating prefix chain script '/home/nuaawzh/dev_ws/install/setup.zsh'
